<?xml version="1.0" encoding="UTF-8"?>
<!-- Generated by org.testng.reporters.JUnitXMLReporter -->
<testsuite ignored="0" hostname="Tejasris-MBP" failures="0" tests="3" name="Test" time="137.823" errors="0" timestamp="2024-09-27T21:59:50 EDT">
  <testcase classname="com.testscenarios.AT_Login" name="f" time="40.242"/>
  <testcase classname="com.testscenarios.AT_Register" name="f" time="44.033"/>
  <testcase classname="com.testscenarios.AT_LOP" name="f" time="53.467"/>
</testsuite> <!-- Test -->
