<?xml version="1.0" encoding="UTF-8"?>
<!-- Generated by org.testng.reporters.JUnitXMLReporter -->
<testsuite ignored="0" hostname="Tejasris-MBP" failures="0" tests="3" name="Test" time="158.772" errors="0" timestamp="2024-09-25T20:29:45 EDT">
  <testcase classname="com.testscenarios.AT_Login" name="f" time="44.781"/>
  <testcase classname="com.testscenarios.AT_Register" name="f" time="54.009"/>
  <testcase classname="com.testscenarios.AT_LOP" name="f" time="59.871"/>
</testsuite> <!-- Test -->
