<?xml version="1.0" encoding="UTF-8"?>
<testng-results ignored="0" total="1" passed="1" failed="0" skipped="0">
  <reporter-output>
  </reporter-output>
  <suite started-at="2024-09-24T20:37:04 EDT" name="Default suite" finished-at="2024-09-24T20:37:53 EDT" duration-ms="48689">
    <groups>
    </groups>
    <test started-at="2024-09-24T20:37:04 EDT" name="Default test" finished-at="2024-09-24T20:37:53 EDT" duration-ms="48689">
      <class name="com.testscenarios.AT_Login">
        <test-method signature="f()[pri:0, instance:com.testscenarios.AT_Login@2034b64c]" started-at="2024-09-24T20:37:04 EDT" name="f" finished-at="2024-09-24T20:37:52 EDT" duration-ms="48613" status="PASS">
          <reporter-output>
          </reporter-output>
        </test-method> <!-- f -->
      </class> <!-- com.testscenarios.AT_Login -->
    </test> <!-- Default test -->
  </suite> <!-- Default suite -->
</testng-results>
